<html>
<head>
<title>TestNG:  ParaBank Suite</title>
<link href="../testng.css" rel="stylesheet" type="text/css" />
<link href="../my-testng.css" rel="stylesheet" type="text/css" />

<style type="text/css">
.log { display: none;} 
.stack-trace { display: none;} 
</style>
<script type="text/javascript">
<!--
function flip(e) {
  current = e.style.display;
  if (current == 'block') {
    e.style.display = 'none';
    return 0;
  }
  else {
    e.style.display = 'block';
    return 1;
  }
}

function toggleBox(szDivId, elem, msg1, msg2)
{
  var res = -1;  if (document.getElementById) {
    res = flip(document.getElementById(szDivId));
  }
  else if (document.all) {
    // this is the way old msie versions work
    res = flip(document.all[szDivId]);
  }
  if(elem) {
    if(res == 0) elem.innerHTML = msg1; else elem.innerHTML = msg2;
  }

}

function toggleAllBoxes() {
  if (document.getElementsByTagName) {
    d = document.getElementsByTagName('div');
    for (i = 0; i < d.length; i++) {
      if (d[i].className == 'log') {
        flip(d[i]);
      }
    }
  }
}

// -->
</script>

</head>
<body>
<h2 align='center'>ParaBank Suite</h2><table border='1' align="center">
<tr>
<td>Tests passed/Failed/Skipped:</td><td>17/2/0</td>
</tr><tr>
<td>Started on:</td><td>Tue Dec 14 10:09:00 IST 2021</td>
</tr>
<tr><td>Total time:</td><td>33 seconds (33876 ms)</td>
</tr><tr>
<td>Included groups:</td><td></td>
</tr><tr>
<td>Excluded groups:</td><td></td>
</tr>
</table><p/>
<small><i>(Hover the method name to see the test class name)</i></small><p/>
<table width='100%' border='1' class='invocation-failed'>
<tr><td colspan='4' align='center'><b>FAILED TESTS</b></td></tr>
<tr><td><b>Test method</b></td>
<td width="30%"><b>Exception</b></td>
<td width="10%"><b>Time (seconds)</b></td>
<td><b>Instance</b></td>
</tr>
<tr>
<td title='com.parabank.testcases.ParaBankOpenNewAccount.getExistingCustomerNumber()'><b>getExistingCustomerNumber</b><br>Test class: com.parabank.testcases.ParaBankOpenNewAccount</td>
<td><div><pre>org.openqa.selenium.NoSuchElementException: no such element: Unable to locate element: {&quot;method&quot;:&quot;xpath&quot;,&quot;selector&quot;:&quot;//*[@id=&quot;accountTable&quot;]/tbody/tr[1]/td[1]/a&quot;}
  (Session info: chrome=96.0.4664.93)
For documentation on this error, please visit: https://www.seleniumhq.org/exceptions/no_such_element.html
Build info: version: &apos;3.141.59&apos;, revision: &apos;e82be7d358&apos;, time: &apos;2018-11-14T08:17:03&apos;
System info: host: &apos;DESKTOP-QMSQO3B&apos;, ip: &apos;192.168.1.10&apos;, os.name: &apos;Windows 10&apos;, os.arch: &apos;amd64&apos;, os.version: &apos;10.0&apos;, java.version: &apos;11.0.10&apos;
Driver info: org.openqa.selenium.chrome.ChromeDriver
Capabilities {acceptInsecureCerts: false, browserName: chrome, browserVersion: 96.0.4664.93, chrome: {chromedriverVersion: 96.0.4664.45 (76e4c1bb2ab46..., userDataDir: C:\Users\User\AppData\Local...}, goog:chromeOptions: {debuggerAddress: localhost:58215}, javascriptEnabled: true, networkConnectionEnabled: false, pageLoadStrategy: normal, platform: WINDOWS, platformName: WINDOWS, proxy: Proxy(), setWindowRect: true, strictFileInteractability: false, timeouts: {implicit: 0, pageLoad: 300000, script: 30000}, unhandledPromptBehavior: dismiss and notify, webauthn:extension:credBlob: true, webauthn:extension:largeBlob: true, webauthn:virtualAuthenticators: true}
Session ID: d06586ea4d8ef9120ffd71f816e7ac43
*** Element info: {Using=xpath, value=//*[@id=&quot;accountTable&quot;]/tbody/tr[1]/td[1]/a}
	at org.openqa.selenium.remote.http.W3CHttpResponseCodec.createException(W3CHttpResponseCodec.java:187)
	at org.openqa.selenium.remote.http.W3CHttpResponseCodec.decode(W3CHttpResponseCodec.java:122)
	at org.openqa.selenium.remote.http.W3CHttpResponseCodec.decode(W3CHttpResponseCodec.java:49)
	at org.openqa.selenium.remote.HttpCommandExecutor.execute(HttpCommandExecutor.java:158)
	at org.openqa.selenium.remote.service.DriverCommandExecutor.execute(DriverCommandExecutor.java:83)
	at org.openqa.selenium.remote.RemoteWebDriver.execute(RemoteWebDriver.java:552)
	at org.openqa.selenium.remote.RemoteWebDriver.findElement(RemoteWebDriver.java:323)
	at org.openqa.selenium.remote.RemoteWebDriver.findElementByXPath(RemoteWebDriver.java:428)
	at org.openqa.selenium.By$ByXPath.findElement(By.java:353)
	at org.openqa.selenium.remote.RemoteWebDriver.findElement(RemoteWebDriver.java:315)
	at com.parabank.testcases.ParaBankOpenNewAccount.getExistingCustomerNumber(ParaBankOpenNewAccount.java:41)
	at java.base/java.util.ArrayList.forEach(ArrayList.java:1541)
... Removed 31 stack frames</pre></div><a href='#' onClick='toggleBox("stack-trace1259037900", this, "Click to show all stack frames", "Click to hide stack frames")'>Click to show all stack frames</a>
<div class='stack-trace' id='stack-trace1259037900'><pre>org.openqa.selenium.NoSuchElementException: no such element: Unable to locate element: {&quot;method&quot;:&quot;xpath&quot;,&quot;selector&quot;:&quot;//*[@id=&quot;accountTable&quot;]/tbody/tr[1]/td[1]/a&quot;}
  (Session info: chrome=96.0.4664.93)
For documentation on this error, please visit: https://www.seleniumhq.org/exceptions/no_such_element.html
Build info: version: &apos;3.141.59&apos;, revision: &apos;e82be7d358&apos;, time: &apos;2018-11-14T08:17:03&apos;
System info: host: &apos;DESKTOP-QMSQO3B&apos;, ip: &apos;192.168.1.10&apos;, os.name: &apos;Windows 10&apos;, os.arch: &apos;amd64&apos;, os.version: &apos;10.0&apos;, java.version: &apos;11.0.10&apos;
Driver info: org.openqa.selenium.chrome.ChromeDriver
Capabilities {acceptInsecureCerts: false, browserName: chrome, browserVersion: 96.0.4664.93, chrome: {chromedriverVersion: 96.0.4664.45 (76e4c1bb2ab46..., userDataDir: C:\Users\User\AppData\Local...}, goog:chromeOptions: {debuggerAddress: localhost:58215}, javascriptEnabled: true, networkConnectionEnabled: false, pageLoadStrategy: normal, platform: WINDOWS, platformName: WINDOWS, proxy: Proxy(), setWindowRect: true, strictFileInteractability: false, timeouts: {implicit: 0, pageLoad: 300000, script: 30000}, unhandledPromptBehavior: dismiss and notify, webauthn:extension:credBlob: true, webauthn:extension:largeBlob: true, webauthn:virtualAuthenticators: true}
Session ID: d06586ea4d8ef9120ffd71f816e7ac43
*** Element info: {Using=xpath, value=//*[@id=&quot;accountTable&quot;]/tbody/tr[1]/td[1]/a}
	at java.base/jdk.internal.reflect.NativeConstructorAccessorImpl.newInstance0(Native Method)
	at java.base/jdk.internal.reflect.NativeConstructorAccessorImpl.newInstance(NativeConstructorAccessorImpl.java:62)
	at java.base/jdk.internal.reflect.DelegatingConstructorAccessorImpl.newInstance(DelegatingConstructorAccessorImpl.java:45)
	at java.base/java.lang.reflect.Constructor.newInstance(Constructor.java:490)
	at org.openqa.selenium.remote.http.W3CHttpResponseCodec.createException(W3CHttpResponseCodec.java:187)
	at org.openqa.selenium.remote.http.W3CHttpResponseCodec.decode(W3CHttpResponseCodec.java:122)
	at org.openqa.selenium.remote.http.W3CHttpResponseCodec.decode(W3CHttpResponseCodec.java:49)
	at org.openqa.selenium.remote.HttpCommandExecutor.execute(HttpCommandExecutor.java:158)
	at org.openqa.selenium.remote.service.DriverCommandExecutor.execute(DriverCommandExecutor.java:83)
	at org.openqa.selenium.remote.RemoteWebDriver.execute(RemoteWebDriver.java:552)
	at org.openqa.selenium.remote.RemoteWebDriver.findElement(RemoteWebDriver.java:323)
	at org.openqa.selenium.remote.RemoteWebDriver.findElementByXPath(RemoteWebDriver.java:428)
	at org.openqa.selenium.By$ByXPath.findElement(By.java:353)
	at org.openqa.selenium.remote.RemoteWebDriver.findElement(RemoteWebDriver.java:315)
	at com.parabank.testcases.ParaBankOpenNewAccount.getExistingCustomerNumber(ParaBankOpenNewAccount.java:41)
	at java.base/jdk.internal.reflect.NativeMethodAccessorImpl.invoke0(Native Method)
	at java.base/jdk.internal.reflect.NativeMethodAccessorImpl.invoke(NativeMethodAccessorImpl.java:62)
	at java.base/jdk.internal.reflect.DelegatingMethodAccessorImpl.invoke(DelegatingMethodAccessorImpl.java:43)
	at java.base/java.lang.reflect.Method.invoke(Method.java:566)
	at org.testng.internal.MethodInvocationHelper.invokeMethod(MethodInvocationHelper.java:133)
	at org.testng.internal.TestInvoker.invokeMethod(TestInvoker.java:598)
	at org.testng.internal.TestInvoker.invokeTestMethod(TestInvoker.java:173)
	at org.testng.internal.MethodRunner.runInSequence(MethodRunner.java:46)
	at org.testng.internal.TestInvoker$MethodInvocationAgent.invoke(TestInvoker.java:824)
	at org.testng.internal.TestInvoker.invokeTestMethods(TestInvoker.java:146)
	at org.testng.internal.TestMethodWorker.invokeTestMethods(TestMethodWorker.java:146)
	at org.testng.internal.TestMethodWorker.run(TestMethodWorker.java:128)
	at java.base/java.util.ArrayList.forEach(ArrayList.java:1541)
	at org.testng.TestRunner.privateRun(TestRunner.java:794)
	at org.testng.TestRunner.run(TestRunner.java:596)
	at org.testng.SuiteRunner.runTest(SuiteRunner.java:377)
	at org.testng.SuiteRunner.runSequentially(SuiteRunner.java:371)
	at org.testng.SuiteRunner.privateRun(SuiteRunner.java:332)
	at org.testng.SuiteRunner.run(SuiteRunner.java:276)
	at org.testng.SuiteRunnerWorker.runSuite(SuiteRunnerWorker.java:53)
	at org.testng.SuiteRunnerWorker.run(SuiteRunnerWorker.java:96)
	at org.testng.TestNG.runSuitesSequentially(TestNG.java:1212)
	at org.testng.TestNG.runSuitesLocally(TestNG.java:1134)
	at org.testng.TestNG.runSuites(TestNG.java:1063)
	at org.testng.TestNG.run(TestNG.java:1031)
	at org.testng.remote.AbstractRemoteTestNG.run(AbstractRemoteTestNG.java:115)
	at org.testng.remote.RemoteTestNG.initAndRun(RemoteTestNG.java:251)
	at org.testng.remote.RemoteTestNG.main(RemoteTestNG.java:77)
</pre></div></td>
<td>5</td>
<td>com.parabank.testcases.ParaBankOpenNewAccount@77b7ffa4</td></tr>
<tr>
<td title='com.parabank.testcases.ParaBankCustomerRegistration.registerParaBankUser()'><b>registerParaBankUser</b><br>Test class: com.parabank.testcases.ParaBankCustomerRegistration</td>
<td><div><pre>org.openqa.selenium.NoSuchElementException: no such element: Unable to locate element: {&quot;method&quot;:&quot;xpath&quot;,&quot;selector&quot;:&quot;//p[contains(text(),&apos;Your account was created successfully. You are now&apos;)]&quot;}
  (Session info: chrome=96.0.4664.93)
For documentation on this error, please visit: https://www.seleniumhq.org/exceptions/no_such_element.html
Build info: version: &apos;3.141.59&apos;, revision: &apos;e82be7d358&apos;, time: &apos;2018-11-14T08:17:03&apos;
System info: host: &apos;DESKTOP-QMSQO3B&apos;, ip: &apos;192.168.1.10&apos;, os.name: &apos;Windows 10&apos;, os.arch: &apos;amd64&apos;, os.version: &apos;10.0&apos;, java.version: &apos;11.0.10&apos;
Driver info: org.openqa.selenium.chrome.ChromeDriver
Capabilities {acceptInsecureCerts: false, browserName: chrome, browserVersion: 96.0.4664.93, chrome: {chromedriverVersion: 96.0.4664.45 (76e4c1bb2ab46..., userDataDir: C:\Users\User\AppData\Local...}, goog:chromeOptions: {debuggerAddress: localhost:58215}, javascriptEnabled: true, networkConnectionEnabled: false, pageLoadStrategy: normal, platform: WINDOWS, platformName: WINDOWS, proxy: Proxy(), setWindowRect: true, strictFileInteractability: false, timeouts: {implicit: 0, pageLoad: 300000, script: 30000}, unhandledPromptBehavior: dismiss and notify, webauthn:extension:credBlob: true, webauthn:extension:largeBlob: true, webauthn:virtualAuthenticators: true}
Session ID: d06586ea4d8ef9120ffd71f816e7ac43
*** Element info: {Using=xpath, value=//p[contains(text(),&apos;Your account was created successfully. You are now&apos;)]}
	at org.openqa.selenium.remote.http.W3CHttpResponseCodec.createException(W3CHttpResponseCodec.java:187)
	at org.openqa.selenium.remote.http.W3CHttpResponseCodec.decode(W3CHttpResponseCodec.java:122)
	at org.openqa.selenium.remote.http.W3CHttpResponseCodec.decode(W3CHttpResponseCodec.java:49)
	at org.openqa.selenium.remote.HttpCommandExecutor.execute(HttpCommandExecutor.java:158)
	at org.openqa.selenium.remote.service.DriverCommandExecutor.execute(DriverCommandExecutor.java:83)
	at org.openqa.selenium.remote.RemoteWebDriver.execute(RemoteWebDriver.java:552)
	at org.openqa.selenium.remote.RemoteWebDriver.findElement(RemoteWebDriver.java:323)
	at org.openqa.selenium.remote.RemoteWebDriver.findElementByXPath(RemoteWebDriver.java:428)
	at org.openqa.selenium.By$ByXPath.findElement(By.java:353)
	at org.openqa.selenium.remote.RemoteWebDriver.findElement(RemoteWebDriver.java:315)
	at org.openqa.selenium.support.pagefactory.DefaultElementLocator.findElement(DefaultElementLocator.java:69)
	at org.openqa.selenium.support.pagefactory.internal.LocatingElementHandler.invoke(LocatingElementHandler.java:38)
	at com.sun.proxy.$Proxy16.getText(Unknown Source)
	at com.nxtgenai.pages.ParaBankUserWelcomePage.validateSuccessfulMessage(ParaBankUserWelcomePage.java:74)
	at com.parabank.testcases.ParaBankCustomerRegistration.registerParaBankUser(ParaBankCustomerRegistration.java:36)
	at java.base/java.util.ArrayList.forEach(ArrayList.java:1541)
... Removed 31 stack frames</pre></div><a href='#' onClick='toggleBox("stack-trace973615092", this, "Click to show all stack frames", "Click to hide stack frames")'>Click to show all stack frames</a>
<div class='stack-trace' id='stack-trace973615092'><pre>org.openqa.selenium.NoSuchElementException: no such element: Unable to locate element: {&quot;method&quot;:&quot;xpath&quot;,&quot;selector&quot;:&quot;//p[contains(text(),&apos;Your account was created successfully. You are now&apos;)]&quot;}
  (Session info: chrome=96.0.4664.93)
For documentation on this error, please visit: https://www.seleniumhq.org/exceptions/no_such_element.html
Build info: version: &apos;3.141.59&apos;, revision: &apos;e82be7d358&apos;, time: &apos;2018-11-14T08:17:03&apos;
System info: host: &apos;DESKTOP-QMSQO3B&apos;, ip: &apos;192.168.1.10&apos;, os.name: &apos;Windows 10&apos;, os.arch: &apos;amd64&apos;, os.version: &apos;10.0&apos;, java.version: &apos;11.0.10&apos;
Driver info: org.openqa.selenium.chrome.ChromeDriver
Capabilities {acceptInsecureCerts: false, browserName: chrome, browserVersion: 96.0.4664.93, chrome: {chromedriverVersion: 96.0.4664.45 (76e4c1bb2ab46..., userDataDir: C:\Users\User\AppData\Local...}, goog:chromeOptions: {debuggerAddress: localhost:58215}, javascriptEnabled: true, networkConnectionEnabled: false, pageLoadStrategy: normal, platform: WINDOWS, platformName: WINDOWS, proxy: Proxy(), setWindowRect: true, strictFileInteractability: false, timeouts: {implicit: 0, pageLoad: 300000, script: 30000}, unhandledPromptBehavior: dismiss and notify, webauthn:extension:credBlob: true, webauthn:extension:largeBlob: true, webauthn:virtualAuthenticators: true}
Session ID: d06586ea4d8ef9120ffd71f816e7ac43
*** Element info: {Using=xpath, value=//p[contains(text(),&apos;Your account was created successfully. You are now&apos;)]}
	at java.base/jdk.internal.reflect.NativeConstructorAccessorImpl.newInstance0(Native Method)
	at java.base/jdk.internal.reflect.NativeConstructorAccessorImpl.newInstance(NativeConstructorAccessorImpl.java:62)
	at java.base/jdk.internal.reflect.DelegatingConstructorAccessorImpl.newInstance(DelegatingConstructorAccessorImpl.java:45)
	at java.base/java.lang.reflect.Constructor.newInstance(Constructor.java:490)
	at org.openqa.selenium.remote.http.W3CHttpResponseCodec.createException(W3CHttpResponseCodec.java:187)
	at org.openqa.selenium.remote.http.W3CHttpResponseCodec.decode(W3CHttpResponseCodec.java:122)
	at org.openqa.selenium.remote.http.W3CHttpResponseCodec.decode(W3CHttpResponseCodec.java:49)
	at org.openqa.selenium.remote.HttpCommandExecutor.execute(HttpCommandExecutor.java:158)
	at org.openqa.selenium.remote.service.DriverCommandExecutor.execute(DriverCommandExecutor.java:83)
	at org.openqa.selenium.remote.RemoteWebDriver.execute(RemoteWebDriver.java:552)
	at org.openqa.selenium.remote.RemoteWebDriver.findElement(RemoteWebDriver.java:323)
	at org.openqa.selenium.remote.RemoteWebDriver.findElementByXPath(RemoteWebDriver.java:428)
	at org.openqa.selenium.By$ByXPath.findElement(By.java:353)
	at org.openqa.selenium.remote.RemoteWebDriver.findElement(RemoteWebDriver.java:315)
	at org.openqa.selenium.support.pagefactory.DefaultElementLocator.findElement(DefaultElementLocator.java:69)
	at org.openqa.selenium.support.pagefactory.internal.LocatingElementHandler.invoke(LocatingElementHandler.java:38)
	at com.sun.proxy.$Proxy16.getText(Unknown Source)
	at com.nxtgenai.pages.ParaBankUserWelcomePage.validateSuccessfulMessage(ParaBankUserWelcomePage.java:74)
	at com.parabank.testcases.ParaBankCustomerRegistration.registerParaBankUser(ParaBankCustomerRegistration.java:36)
	at java.base/jdk.internal.reflect.NativeMethodAccessorImpl.invoke0(Native Method)
	at java.base/jdk.internal.reflect.NativeMethodAccessorImpl.invoke(NativeMethodAccessorImpl.java:62)
	at java.base/jdk.internal.reflect.DelegatingMethodAccessorImpl.invoke(DelegatingMethodAccessorImpl.java:43)
	at java.base/java.lang.reflect.Method.invoke(Method.java:566)
	at org.testng.internal.MethodInvocationHelper.invokeMethod(MethodInvocationHelper.java:133)
	at org.testng.internal.TestInvoker.invokeMethod(TestInvoker.java:598)
	at org.testng.internal.TestInvoker.invokeTestMethod(TestInvoker.java:173)
	at org.testng.internal.MethodRunner.runInSequence(MethodRunner.java:46)
	at org.testng.internal.TestInvoker$MethodInvocationAgent.invoke(TestInvoker.java:824)
	at org.testng.internal.TestInvoker.invokeTestMethods(TestInvoker.java:146)
	at org.testng.internal.TestMethodWorker.invokeTestMethods(TestMethodWorker.java:146)
	at org.testng.internal.TestMethodWorker.run(TestMethodWorker.java:128)
	at java.base/java.util.ArrayList.forEach(ArrayList.java:1541)
	at org.testng.TestRunner.privateRun(TestRunner.java:794)
	at org.testng.TestRunner.run(TestRunner.java:596)
	at org.testng.SuiteRunner.runTest(SuiteRunner.java:377)
	at org.testng.SuiteRunner.runSequentially(SuiteRunner.java:371)
	at org.testng.SuiteRunner.privateRun(SuiteRunner.java:332)
	at org.testng.SuiteRunner.run(SuiteRunner.java:276)
	at org.testng.SuiteRunnerWorker.runSuite(SuiteRunnerWorker.java:53)
	at org.testng.SuiteRunnerWorker.run(SuiteRunnerWorker.java:96)
	at org.testng.TestNG.runSuitesSequentially(TestNG.java:1212)
	at org.testng.TestNG.runSuitesLocally(TestNG.java:1134)
	at org.testng.TestNG.runSuites(TestNG.java:1063)
	at org.testng.TestNG.run(TestNG.java:1031)
	at org.testng.remote.AbstractRemoteTestNG.run(AbstractRemoteTestNG.java:115)
	at org.testng.remote.RemoteTestNG.initAndRun(RemoteTestNG.java:251)
	at org.testng.remote.RemoteTestNG.main(RemoteTestNG.java:77)
</pre></div></td>
<td>7</td>
<td>com.parabank.testcases.ParaBankCustomerRegistration@443dbe42</td></tr>
</table><p>
<table width='100%' border='1' class='invocation-passed'>
<tr><td colspan='4' align='center'><b>PASSED TESTS</b></td></tr>
<tr><td><b>Test method</b></td>
<td width="30%"><b>Exception</b></td>
<td width="10%"><b>Time (seconds)</b></td>
<td><b>Instance</b></td>
</tr>
<tr>
<td title='com.parabank.testcases.ParaBankCustomerPageNavigation.validatingFindTransactionsNavigation()'><b>validatingFindTransactionsNavigation</b><br>Test class: com.parabank.testcases.ParaBankCustomerPageNavigation</td>
<td></td>
<td>0</td>
<td>com.parabank.testcases.ParaBankCustomerPageNavigation@1734f68</td></tr>
<tr>
<td title='com.parabank.testcases.ParaBankCustomerPageNavigation.validatingUpdateContactInfoNavigation()'><b>validatingUpdateContactInfoNavigation</b><br>Test class: com.parabank.testcases.ParaBankCustomerPageNavigation</td>
<td></td>
<td>0</td>
<td>com.parabank.testcases.ParaBankCustomerPageNavigation@1734f68</td></tr>
<tr>
<td title='com.parabank.testcases.ParaBankHomePageNavigation.validatingServicesLinkNavigation()'><b>validatingServicesLinkNavigation</b><br>Test class: com.parabank.testcases.ParaBankHomePageNavigation</td>
<td></td>
<td>1</td>
<td>com.parabank.testcases.ParaBankHomePageNavigation@6ab72419</td></tr>
<tr>
<td title='com.parabank.testcases.ParaBankCustomerPageNavigation.validatingBillPayNavigation()'><b>validatingBillPayNavigation</b><br>Test class: com.parabank.testcases.ParaBankCustomerPageNavigation</td>
<td></td>
<td>0</td>
<td>com.parabank.testcases.ParaBankCustomerPageNavigation@1734f68</td></tr>
<tr>
<td title='com.parabank.testcases.ParaBankHomePageNavigation.validatingHomeIconNavigation()'><b>validatingHomeIconNavigation</b><br>Test class: com.parabank.testcases.ParaBankHomePageNavigation</td>
<td></td>
<td>0</td>
<td>com.parabank.testcases.ParaBankHomePageNavigation@6ab72419</td></tr>
<tr>
<td title='com.parabank.testcases.ParaBankHomePageNavigation.validatingAdminPageLinkNavigation()'><b>validatingAdminPageLinkNavigation</b><br>Test class: com.parabank.testcases.ParaBankHomePageNavigation</td>
<td></td>
<td>0</td>
<td>com.parabank.testcases.ParaBankHomePageNavigation@6ab72419</td></tr>
<tr>
<td title='com.parabank.testcases.ParaBankHomePageNavigation.validatingRegisterLinkNavigation()'><b>validatingRegisterLinkNavigation</b><br>Test class: com.parabank.testcases.ParaBankHomePageNavigation</td>
<td></td>
<td>0</td>
<td>com.parabank.testcases.ParaBankHomePageNavigation@6ab72419</td></tr>
<tr>
<td title='com.parabank.testcases.ParaBankCustomerLogin.loginCustomer()'><b>loginCustomer</b><br>Test class: com.parabank.testcases.ParaBankCustomerLogin</td>
<td></td>
<td>2</td>
<td>com.parabank.testcases.ParaBankCustomerLogin@473b3b7a</td></tr>
<tr>
<td title='com.parabank.testcases.ParaBankCustomerPageNavigation.validatingRequestLoanNavigation()'><b>validatingRequestLoanNavigation</b><br>Test class: com.parabank.testcases.ParaBankCustomerPageNavigation</td>
<td></td>
<td>0</td>
<td>com.parabank.testcases.ParaBankCustomerPageNavigation@1734f68</td></tr>
<tr>
<td title='com.parabank.testcases.ParaBankHomePageNavigation.validatingLatestNewsNavigation()'><b>validatingLatestNewsNavigation</b><br>Test class: com.parabank.testcases.ParaBankHomePageNavigation</td>
<td></td>
<td>1</td>
<td>com.parabank.testcases.ParaBankHomePageNavigation@6ab72419</td></tr>
<tr>
<td title='com.parabank.testcases.ParaBankHomePageNavigation.validatingForgotLoginLinkNavigation()'><b>validatingForgotLoginLinkNavigation</b><br>Test class: com.parabank.testcases.ParaBankHomePageNavigation</td>
<td></td>
<td>0</td>
<td>com.parabank.testcases.ParaBankHomePageNavigation@6ab72419</td></tr>
<tr>
<td title='com.parabank.testcases.ParaBankHomePageNavigation.validatingAboutUsIconNavigation()'><b>validatingAboutUsIconNavigation</b><br>Test class: com.parabank.testcases.ParaBankHomePageNavigation</td>
<td></td>
<td>0</td>
<td>com.parabank.testcases.ParaBankHomePageNavigation@6ab72419</td></tr>
<tr>
<td title='com.parabank.testcases.ParaBankHomePageNavigation.validatingAboutUsLinkNavigation()'><b>validatingAboutUsLinkNavigation</b><br>Test class: com.parabank.testcases.ParaBankHomePageNavigation</td>
<td></td>
<td>0</td>
<td>com.parabank.testcases.ParaBankHomePageNavigation@6ab72419</td></tr>
<tr>
<td title='com.parabank.testcases.ParaBankCustomerPageNavigation.validatingTransferFundsNavigation()'><b>validatingTransferFundsNavigation</b><br>Test class: com.parabank.testcases.ParaBankCustomerPageNavigation</td>
<td></td>
<td>0</td>
<td>com.parabank.testcases.ParaBankCustomerPageNavigation@1734f68</td></tr>
<tr>
<td title='com.parabank.testcases.ParaBankHomePageNavigation.validatingCustomerCareIconNavigation()'><b>validatingCustomerCareIconNavigation</b><br>Test class: com.parabank.testcases.ParaBankHomePageNavigation</td>
<td></td>
<td>0</td>
<td>com.parabank.testcases.ParaBankHomePageNavigation@6ab72419</td></tr>
<tr>
<td title='com.parabank.testcases.ParaBankCustomerPageNavigation.validatingOpenNewAccountNavigation()'><b>validatingOpenNewAccountNavigation</b><br>Test class: com.parabank.testcases.ParaBankCustomerPageNavigation</td>
<td></td>
<td>0</td>
<td>com.parabank.testcases.ParaBankCustomerPageNavigation@1734f68</td></tr>
<tr>
<td title='com.parabank.testcases.ParaBankCustomerPageNavigation.validatingAccountsOverviewNavigation()'><b>validatingAccountsOverviewNavigation</b><br>Test class: com.parabank.testcases.ParaBankCustomerPageNavigation</td>
<td></td>
<td>0</td>
<td>com.parabank.testcases.ParaBankCustomerPageNavigation@1734f68</td></tr>
</table><p>
</body>
</html>